<?xml version="1.0" encoding="UTF-8"?>
<!-- Generated by org.testng.reporters.JUnitReportReporter -->
<testsuite hostname="DESKTOP-2MV2ECG" failures="0" tests="2" name="Com.Testcases.RestaurantDetail.RestaurantDetail" time="155.589" errors="0" timestamp="2020-11-16T14:53:11 IST" skipped="0">
  <testcase classname="Com.Testcases.RestaurantDetail.RestaurantDetail" name="Test_RestaurantDetail" time="135.012"/>
  <system-out/>
  <testcase classname="Com.Testcases.RestaurantDetail.RestaurantDetail" name="Test_LoadRestaurant" time="20.577"/>
  <system-out/>
</testsuite> <!-- Com.Testcases.RestaurantDetail.RestaurantDetail -->
